9The FetchEvent for "<URL>" resulted in a network error response: the promise was rejected.Understand this warning
sw.js:364  Uncaught (in promise) TypeError: Failed to fetch
    at sw.js:364:16Understand this error
sw.js:364  Uncaught (in promise) TypeError: Failed to fetch
    at sw.js:364:16Understand this error
sw.js:364  Uncaught (in promise) TypeError: Failed to fetch
    at sw.js:364:16Understand this error
sw.js:364  Uncaught (in promise) TypeError: Failed to fetch
    at sw.js:364:16Understand this error
sw.js:364  Uncaught (in promise) TypeError: Failed to fetch
    at sw.js:364:16Understand this error
sw.js:364  Uncaught (in promise) TypeError: Failed to fetch
    at sw.js:364:16Understand this error
sw.js:364  Uncaught (in promise) TypeError: Failed to fetch
    at sw.js:364:16Understand this error
(index):99 Development environment - Google tracking disabled
(index):239 PWA MODE ACTIVE (server injection)
2sw.js:369 Uncaught (in promise) TypeError: Failed to execute 'put' on 'Cache': Request scheme 'chrome-extension' is unsupported
    at sw.js:369:23Understand this error
client:536 WebSocket connection to 'wss://bb1b08ff-fa1f-49e8-b1ce-157412ee683e-00-3d18d9scwpokx.worf.replit.dev/?token=AQxAAheBMZpU' failed: 
setupWebSocket @ client:536Understand this error
client:536 Uncaught (in promise) SyntaxError: Failed to construct 'WebSocket': The URL 'wss://localhost:undefined/?token=AQxAAheBMZpU' is invalid.
    at setupWebSocket (client:536:19)
    at fallback (client:509:16)
    at WebSocket.<anonymous> (client:555:7)Understand this error
chunk-RPCDYKBN.js?v=616d99ef:21551 Download the React DevTools for a better development experience: https://reactjs.org/link/react-devtools
chunk-RPCDYKBN.js?v=5bf8de6e:21551 Download the React DevTools for a better development experience: https://reactjs.org/link/react-devtools
notification-service.ts:22 Notification support check: Object
main.tsx:7 === REACT INSTANCE DIAGNOSTIC ===
main.tsx:8 React version: 18.3.1
main.tsx:9 React object: Object
main.tsx:10 React useState: ∆í useState(initialState) {
          var dispatcher = resolveDispatcher();
          return dispatcher.useState(initialState);
        }
main.tsx:11 Global React instances: Single instance
notification-service.ts:38 ServiceWorker initialized and ready for notifications
main.tsx:48 PWA Service Worker registered
2chunk-QCHXOAYK.js?v=5bf8de6e:136 Warning: Invalid hook call. Hooks can only be called inside of the body of a function component. This could happen for one of the following reasons:
1. You might have mismatching versions of React and the renderer (such as React DOM)
2. You might be breaking the Rules of Hooks
3. You might have more than one copy of React in the same app
See https://reactjs.org/link/invalid-hook-call for tips about how to debug and fix this problem.
printWarning @ chunk-QCHXOAYK.js?v=5bf8de6e:136Understand this error
chunk-QCHXOAYK.js?v=5bf8de6e:1066 Uncaught TypeError: Cannot read properties of null (reading 'useState')
    at useState (chunk-QCHXOAYK.js?v=5bf8de6e:1066:29)
    at PWAProvider (use-pwa.tsx:19:43)
    at renderWithHooks (chunk-RPCDYKBN.js?v=616d99ef:11548:26)
    at mountIndeterminateComponent (chunk-RPCDYKBN.js?v=616d99ef:14926:21)
    at beginWork (chunk-RPCDYKBN.js?v=616d99ef:15914:22)
    at HTMLUnknownElement.callCallback2 (chunk-RPCDYKBN.js?v=616d99ef:3674:22)
    at Object.invokeGuardedCallbackDev (chunk-RPCDYKBN.js?v=616d99ef:3699:24)
    at invokeGuardedCallback (chunk-RPCDYKBN.js?v=616d99ef:3733:39)
    at beginWork$1 (chunk-RPCDYKBN.js?v=616d99ef:19765:15)
    at performUnitOfWork (chunk-RPCDYKBN.js?v=616d99ef:19198:20)Understand this error
2chunk-QCHXOAYK.js?v=5bf8de6e:136 Warning: Invalid hook call. Hooks can only be called inside of the body of a function component. This could happen for one of the following reasons:
1. You might have mismatching versions of React and the renderer (such as React DOM)
2. You might be breaking the Rules of Hooks
3. You might have more than one copy of React in the same app
See https://reactjs.org/link/invalid-hook-call for tips about how to debug and fix this problem.
printWarning @ chunk-QCHXOAYK.js?v=5bf8de6e:136Understand this error
chunk-QCHXOAYK.js?v=5bf8de6e:1066 Uncaught TypeError: Cannot read properties of null (reading 'useState')
    at useState (chunk-QCHXOAYK.js?v=5bf8de6e:1066:29)
    at PWAProvider (use-pwa.tsx:19:43)
    at renderWithHooks (chunk-RPCDYKBN.js?v=616d99ef:11548:26)
    at mountIndeterminateComponent (chunk-RPCDYKBN.js?v=616d99ef:14926:21)
    at beginWork (chunk-RPCDYKBN.js?v=616d99ef:15914:22)
    at HTMLUnknownElement.callCallback2 (chunk-RPCDYKBN.js?v=616d99ef:3674:22)
    at Object.invokeGuardedCallbackDev (chunk-RPCDYKBN.js?v=616d99ef:3699:24)
    at invokeGuardedCallback (chunk-RPCDYKBN.js?v=616d99ef:3733:39)
    at beginWork$1 (chunk-RPCDYKBN.js?v=616d99ef:19765:15)
    at performUnitOfWork (chunk-RPCDYKBN.js?v=616d99ef:19198:20)Understand this error
chunk-RPCDYKBN.js?v=616d99ef:14032 The above error occurred in the <PWAProvider> component:

    at PWAProvider (https://bb1b08ff-fa1f-49e8-b1ce-157412ee683e-00-3d18d9scwpokx.worf.replit.dev/src/hooks/use-pwa.tsx:20:31)
    at QueryClientProvider (https://bb1b08ff-fa1f-49e8-b1ce-157412ee683e-00-3d18d9scwpokx.worf.replit.dev/@fs/home/runner/workspace/node_modules/.vite/deps/@tanstack_react-query.js?v=d28c1773:2933:3)
    at ErrorBoundary (https://bb1b08ff-fa1f-49e8-b1ce-157412ee683e-00-3d18d9scwpokx.worf.replit.dev/src/components/ErrorBoundary.tsx:7:5)
    at App (https://bb1b08ff-fa1f-49e8-b1ce-157412ee683e-00-3d18d9scwpokx.worf.replit.dev/src/App.tsx?v=BXuc5VeSVwxvDWpQeivCx:601:3)

React will try to recreate this component tree from scratch using the error boundary you provided, ErrorBoundary.
logCapturedError @ chunk-RPCDYKBN.js?v=616d99ef:14032Understand this error
ErrorBoundary.tsx:24 ErrorBoundary caught an error: TypeError: Cannot read properties of null (reading 'useState')
    at useState (chunk-QCHXOAYK.js?v=5bf8de6e:1066:29)
    at PWAProvider (use-pwa.tsx:19:43)
    at renderWithHooks (chunk-RPCDYKBN.js?v=616d99ef:11548:26)
    at mountIndeterminateComponent (chunk-RPCDYKBN.js?v=616d99ef:14926:21)
    at beginWork (chunk-RPCDYKBN.js?v=616d99ef:15914:22)
    at beginWork$1 (chunk-RPCDYKBN.js?v=616d99ef:19753:22)
    at performUnitOfWork (chunk-RPCDYKBN.js?v=616d99ef:19198:20)
    at workLoopSync (chunk-RPCDYKBN.js?v=616d99ef:19137:13)
    at renderRootSync (chunk-RPCDYKBN.js?v=616d99ef:19116:15)
    at recoverFromConcurrentError (chunk-RPCDYKBN.js?v=616d99ef:18736:28) Object
componentDidCatch @ ErrorBoundary.tsx:24Understand this error
unified-tracking.ts:63 üéØ Unified Tracking Initialized: Object
seo-utils.ts:356 ‚úÖ SEO System Initialized
programmatic-seo.ts:479 üéØ Programmatic SEO System Initialized
programmatic-seo.ts:480 üìä Template Coverage: 1 content types
programmatic-seo.ts:481 üîç Keyword Targeting: 18 keywords
unified-tracking.ts:63 üéØ Unified Tracking Initialized: Object
seo-utils.ts:356 ‚úÖ SEO System Initialized
programmatic-seo.ts:479 üéØ Programmatic SEO System Initialized
programmatic-seo.ts:480 üìä Template Coverage: 1 content types
programmatic-seo.ts:481 üîç Keyword Targeting: 18 keywords
835937139/?random=1756849087467&cv=11&fst=1756846800000&bg=ffffff&guid=ON&async=1&en=gtag.config&gt‚Ä¶:1  Failed to load resource: net::ERR_FAILEDUnderstand this error
sw.js:364  Uncaught (in promise) TypeError: Failed to fetch
    at sw.js:364:16Understand this error
sw.js:364  Uncaught (in promise) TypeError: Failed to fetch
    at sw.js:364:16Understand this error
835937139/?random=1756849087487&cv=11&fst=1756846800000&bg=ffffff&guid=ON&async=1&en=gtag.config&gt‚Ä¶:1  Failed to load resource: net::ERR_FAILEDUnderstand this error
(index):1 <meta name="apple-mobile-web-app-capable" content="yes"> is deprecated. Please include <meta name="mobile-web-app-capable" content="yes">Understand this warning
2ga4-bounce-analysis.ts:51 